2026-04-01 10:43:54 | INFO     | VideoAnnotation              | ======================================================================
2026-04-01 10:43:54 | INFO     | VideoAnnotation              | Video Annotation Tool — Session started
2026-04-01 10:43:54 | INFO     | VideoAnnotation              | Log file: D:\Pycharm\Video_Annotaion\logs\annotation_20260401.log
2026-04-01 10:43:54 | INFO     | VideoAnnotation              | ======================================================================
2026-04-01 10:48:48 | INFO     | VideoAnnotation              | ======================================================================
2026-04-01 10:48:48 | INFO     | VideoAnnotation              | Video Annotation Tool — Session started
2026-04-01 10:48:48 | INFO     | VideoAnnotation              | Log file: D:\Pycharm\Video_Annotaion\logs\annotation_20260401.log
2026-04-01 10:48:48 | INFO     | VideoAnnotation              | ======================================================================
2026-04-01 10:48:53 | INFO     | VideoAnnotation.ui.MainWindow | MainWindow initialised
2026-04-01 10:52:07 | INFO     | VideoAnnotation.ui.SourceDialog | User browsed — type=image_folder, path=D:/Pycharm/dog_driveaway.v3/data/raw_images/friendly dog
2026-04-01 10:54:44 | INFO     | VideoAnnotation.ui.SourceDialog | User browsed — type=image_folder, path=D:/friendly dog
2026-04-01 10:55:19 | INFO     | VideoAnnotation.ui.SourceDialog | User browsed — type=image, path=D:/friendly dog/friendly dog/].jpg
2026-04-01 12:08:10 | INFO     | VideoAnnotation              | ======================================================================
2026-04-01 12:08:10 | INFO     | VideoAnnotation              | Video Annotation Tool — Session started
2026-04-01 12:08:10 | INFO     | VideoAnnotation              | Log file: D:\Pycharm\Video_Annotaion\logs\annotation_20260401.log
2026-04-01 12:08:10 | INFO     | VideoAnnotation              | ======================================================================
2026-04-01 12:08:15 | INFO     | VideoAnnotation.ui.MainWindow | MainWindow initialised
2026-04-01 12:09:28 | INFO     | VideoAnnotation.ui.MainWindow | Loading source — type=image_folder, path=D:/friendly dog
2026-04-01 12:09:28 | INFO     | VideoAnnotation.ui.MainWindow | [STATUS] Loading folder: friendly dog…
2026-04-01 12:09:28 | INFO     | VideoAnnotation.ui.MainWindow | Loading images — is_folder=True, path=D:/friendly dog
2026-04-01 12:09:28 | DEBUG    | VideoAnnotation.core.ImageLoader | ImageLoader created — source: D:/friendly dog
2026-04-01 12:09:28 | ERROR    | VideoAnnotation.ui.MainWindow | Background task error: No supported images found in: D:/friendly dog
Traceback (most recent call last):
  File "D:\Pycharm\Video_Annotaion\ui\main_window.py", line 151, in _worker
    result = task_fn()
  File "D:\Pycharm\Video_Annotaion\ui\main_window.py", line 329, in _work
    loader.open()
    ~~~~~~~~~~~^^
  File "D:\Pycharm\Video_Annotaion\core\image_loader.py", line 60, in open
    raise FileNotFoundError(
        f"No supported images found in: {self.source_path}"
    )
FileNotFoundError: No supported images found in: D:/friendly dog
2026-04-01 12:09:46 | INFO     | VideoAnnotation.ui.MainWindow | Application closing — releasing resources
2026-04-01 12:25:06 | INFO     | VideoAnnotation              | ======================================================================
2026-04-01 12:25:06 | INFO     | VideoAnnotation              | Video Annotation Tool — Session started
2026-04-01 12:25:06 | INFO     | VideoAnnotation              | Log file: D:\Pycharm\Video_Annotaion\logs\annotation_20260401.log
2026-04-01 12:25:06 | INFO     | VideoAnnotation              | ======================================================================
2026-04-01 12:25:11 | INFO     | VideoAnnotation.ui.MainWindow | MainWindow initialised
2026-04-01 12:26:18 | INFO     | VideoAnnotation.ui.SourceDialog | YouTube download — url=https://youtu.be/xBCyeJbmwf4?si=n_UQFgSG5nnI7-HE, quality=best
2026-04-01 12:26:18 | INFO     | VideoAnnotation.core.YouTubeDownloader | YouTubeDownloader created — url=https://youtu.be/xBCyeJbmwf4?si=n_UQFgSG5nnI7-HE, quality=best
2026-04-01 12:26:18 | INFO     | VideoAnnotation.core.YouTubeDownloader | Download thread started
2026-04-01 12:26:18 | INFO     | VideoAnnotation.core.YouTubeDownloader | Starting yt-dlp download — quality=best
2026-04-01 12:26:21 | ERROR    | VideoAnnotation.core.YouTubeDownloader | yt-dlp error: ERROR: [youtube] xBCyeJbmwf4: Sign in to confirm your age. This video may be inappropriate for some users. Use --cookies-from-browser or --cookies for the authentication. See  https://github.com/yt-dlp/yt-dlp/wiki/FAQ#how-do-i-pass-cookies-to-yt-dlp  for how to manually pass cookies. Also see  https://github.com/yt-dlp/yt-dlp/wiki/Extractors#exporting-youtube-cookies  for tips on effectively exporting YouTube cookies
Traceback (most recent call last):
  File "D:\Pycharm\Video_Annotaion\.venv\Lib\site-packages\yt_dlp\YoutubeDL.py", line 1698, in wrapper
    return func(self, *args, **kwargs)
  File "D:\Pycharm\Video_Annotaion\.venv\Lib\site-packages\yt_dlp\YoutubeDL.py", line 1833, in __extract_info
    ie_result = ie.extract(url)
  File "D:\Pycharm\Video_Annotaion\.venv\Lib\site-packages\yt_dlp\extractor\common.py", line 765, in extract
    ie_result = self._real_extract(url)
  File "D:\Pycharm\Video_Annotaion\.venv\Lib\site-packages\yt_dlp\extractor\youtube\_video.py", line 4061, in _real_extract
    self.raise_no_formats(reason, expected=True)
    ~~~~~~~~~~~~~~~~~~~~~^^^^^^^^^^^^^^^^^^^^^^^
  File "D:\Pycharm\Video_Annotaion\.venv\Lib\site-packages\yt_dlp\extractor\common.py", line 1277, in raise_no_formats
    raise ExtractorError(msg, expected=expected, video_id=video_id)
yt_dlp.utils.ExtractorError: [youtube] xBCyeJbmwf4: Sign in to confirm your age. This video may be inappropriate for some users. Use --cookies-from-browser or --cookies for the authentication. See  https://github.com/yt-dlp/yt-dlp/wiki/FAQ#how-do-i-pass-cookies-to-yt-dlp  for how to manually pass cookies. Also see  https://github.com/yt-dlp/yt-dlp/wiki/Extractors#exporting-youtube-cookies  for tips on effectively exporting YouTube cookies

During handling of the above exception, another exception occurred:

Traceback (most recent call last):
  File "D:\Pycharm\Video_Annotaion\core\youtube_downloader.py", line 114, in _download
    info = ydl.extract_info(self.url, download=True)
  File "D:\Pycharm\Video_Annotaion\.venv\Lib\site-packages\yt_dlp\YoutubeDL.py", line 1687, in extract_info
    return self.__extract_info(url, self.get_info_extractor(key), download, extra_info, process)
           ~~~~~~~~~~~~~~~~~~~^^^^^^^^^^^^^^^^^^^^^^^^^^^^^^^^^^^^^^^^^^^^^^^^^^^^^^^^^^^^^^^^^^
  File "D:\Pycharm\Video_Annotaion\.venv\Lib\site-packages\yt_dlp\YoutubeDL.py", line 1716, in wrapper
    self.report_error(str(e), e.format_traceback())
    ~~~~~~~~~~~~~~~~~^^^^^^^^^^^^^^^^^^^^^^^^^^^^^^
  File "D:\Pycharm\Video_Annotaion\.venv\Lib\site-packages\yt_dlp\YoutubeDL.py", line 1154, in report_error
    self.trouble(f'{self._format_err("ERROR:", self.Styles.ERROR)} {message}', *args, **kwargs)
    ~~~~~~~~~~~~^^^^^^^^^^^^^^^^^^^^^^^^^^^^^^^^^^^^^^^^^^^^^^^^^^^^^^^^^^^^^^^^^^^^^^^^^^^^^^^
  File "D:\Pycharm\Video_Annotaion\.venv\Lib\site-packages\yt_dlp\YoutubeDL.py", line 1093, in trouble
    raise DownloadError(message, exc_info)
yt_dlp.utils.DownloadError: ERROR: [youtube] xBCyeJbmwf4: Sign in to confirm your age. This video may be inappropriate for some users. Use --cookies-from-browser or --cookies for the authentication. See  https://github.com/yt-dlp/yt-dlp/wiki/FAQ#how-do-i-pass-cookies-to-yt-dlp  for how to manually pass cookies. Also see  https://github.com/yt-dlp/yt-dlp/wiki/Extractors#exporting-youtube-cookies  for tips on effectively exporting YouTube cookies
2026-04-01 12:26:30 | INFO     | VideoAnnotation.ui.SourceDialog | YouTube download — url=https://youtu.be/xBCyeJbmwf4?si=n_UQFgSG5nnI7-HE, quality=480
2026-04-01 12:26:30 | INFO     | VideoAnnotation.core.YouTubeDownloader | YouTubeDownloader created — url=https://youtu.be/xBCyeJbmwf4?si=n_UQFgSG5nnI7-HE, quality=480
2026-04-01 12:26:30 | INFO     | VideoAnnotation.core.YouTubeDownloader | Starting yt-dlp download — quality=480
2026-04-01 12:26:30 | INFO     | VideoAnnotation.core.YouTubeDownloader | Download thread started
2026-04-01 12:26:32 | ERROR    | VideoAnnotation.core.YouTubeDownloader | yt-dlp error: ERROR: [youtube] xBCyeJbmwf4: Sign in to confirm your age. This video may be inappropriate for some users. Use --cookies-from-browser or --cookies for the authentication. See  https://github.com/yt-dlp/yt-dlp/wiki/FAQ#how-do-i-pass-cookies-to-yt-dlp  for how to manually pass cookies. Also see  https://github.com/yt-dlp/yt-dlp/wiki/Extractors#exporting-youtube-cookies  for tips on effectively exporting YouTube cookies
Traceback (most recent call last):
  File "D:\Pycharm\Video_Annotaion\.venv\Lib\site-packages\yt_dlp\YoutubeDL.py", line 1698, in wrapper
    return func(self, *args, **kwargs)
  File "D:\Pycharm\Video_Annotaion\.venv\Lib\site-packages\yt_dlp\YoutubeDL.py", line 1833, in __extract_info
    ie_result = ie.extract(url)
  File "D:\Pycharm\Video_Annotaion\.venv\Lib\site-packages\yt_dlp\extractor\common.py", line 765, in extract
    ie_result = self._real_extract(url)
  File "D:\Pycharm\Video_Annotaion\.venv\Lib\site-packages\yt_dlp\extractor\youtube\_video.py", line 4061, in _real_extract
    self.raise_no_formats(reason, expected=True)
    ~~~~~~~~~~~~~~~~~~~~~^^^^^^^^^^^^^^^^^^^^^^^
  File "D:\Pycharm\Video_Annotaion\.venv\Lib\site-packages\yt_dlp\extractor\common.py", line 1277, in raise_no_formats
    raise ExtractorError(msg, expected=expected, video_id=video_id)
yt_dlp.utils.ExtractorError: [youtube] xBCyeJbmwf4: Sign in to confirm your age. This video may be inappropriate for some users. Use --cookies-from-browser or --cookies for the authentication. See  https://github.com/yt-dlp/yt-dlp/wiki/FAQ#how-do-i-pass-cookies-to-yt-dlp  for how to manually pass cookies. Also see  https://github.com/yt-dlp/yt-dlp/wiki/Extractors#exporting-youtube-cookies  for tips on effectively exporting YouTube cookies

During handling of the above exception, another exception occurred:

Traceback (most recent call last):
  File "D:\Pycharm\Video_Annotaion\core\youtube_downloader.py", line 114, in _download
    info = ydl.extract_info(self.url, download=True)
  File "D:\Pycharm\Video_Annotaion\.venv\Lib\site-packages\yt_dlp\YoutubeDL.py", line 1687, in extract_info
    return self.__extract_info(url, self.get_info_extractor(key), download, extra_info, process)
           ~~~~~~~~~~~~~~~~~~~^^^^^^^^^^^^^^^^^^^^^^^^^^^^^^^^^^^^^^^^^^^^^^^^^^^^^^^^^^^^^^^^^^
  File "D:\Pycharm\Video_Annotaion\.venv\Lib\site-packages\yt_dlp\YoutubeDL.py", line 1716, in wrapper
    self.report_error(str(e), e.format_traceback())
    ~~~~~~~~~~~~~~~~~^^^^^^^^^^^^^^^^^^^^^^^^^^^^^^
  File "D:\Pycharm\Video_Annotaion\.venv\Lib\site-packages\yt_dlp\YoutubeDL.py", line 1154, in report_error
    self.trouble(f'{self._format_err("ERROR:", self.Styles.ERROR)} {message}', *args, **kwargs)
    ~~~~~~~~~~~~^^^^^^^^^^^^^^^^^^^^^^^^^^^^^^^^^^^^^^^^^^^^^^^^^^^^^^^^^^^^^^^^^^^^^^^^^^^^^^^
  File "D:\Pycharm\Video_Annotaion\.venv\Lib\site-packages\yt_dlp\YoutubeDL.py", line 1093, in trouble
    raise DownloadError(message, exc_info)
yt_dlp.utils.DownloadError: ERROR: [youtube] xBCyeJbmwf4: Sign in to confirm your age. This video may be inappropriate for some users. Use --cookies-from-browser or --cookies for the authentication. See  https://github.com/yt-dlp/yt-dlp/wiki/FAQ#how-do-i-pass-cookies-to-yt-dlp  for how to manually pass cookies. Also see  https://github.com/yt-dlp/yt-dlp/wiki/Extractors#exporting-youtube-cookies  for tips on effectively exporting YouTube cookies
2026-04-01 12:41:06 | INFO     | VideoAnnotation              | ======================================================================
2026-04-01 12:41:06 | INFO     | VideoAnnotation              | Video Annotation Tool — Session started
2026-04-01 12:41:06 | INFO     | VideoAnnotation              | Log file: D:\Pycharm\Video_Annotaion\logs\annotation_20260401.log
2026-04-01 12:41:06 | INFO     | VideoAnnotation              | ======================================================================
2026-04-01 12:41:13 | INFO     | VideoAnnotation.ui.MainWindow | MainWindow initialised
2026-04-01 12:41:25 | INFO     | VideoAnnotation.ui.MainWindow | Application closing — releasing resources
2026-04-01 12:45:58 | INFO     | VideoAnnotation              | ======================================================================
2026-04-01 12:45:58 | INFO     | VideoAnnotation              | Video Annotation Tool — Session started
2026-04-01 12:45:58 | INFO     | VideoAnnotation              | Log file: D:\Pycharm\Video_Annotaion\logs\annotation_20260401.log
2026-04-01 12:45:58 | INFO     | VideoAnnotation              | ======================================================================
2026-04-01 12:46:03 | INFO     | VideoAnnotation.ui.MainWindow | MainWindow initialised
2026-04-01 12:48:52 | INFO     | VideoAnnotation.ui.SourceDialog | User browsed — type=image_folder, path=D:/friendly dog
2026-04-01 12:49:18 | INFO     | VideoAnnotation.ui.MainWindow | Loading source — type=image_folder, path=D:/friendly dog
2026-04-01 12:49:18 | INFO     | VideoAnnotation.ui.MainWindow | [STATUS] Loading folder: friendly dog…
2026-04-01 12:49:18 | INFO     | VideoAnnotation.ui.MainWindow | Loading images — is_folder=True, path=D:/friendly dog
2026-04-01 12:49:18 | DEBUG    | VideoAnnotation.core.ImageLoader | ImageLoader created — source: D:/friendly dog
2026-04-01 12:49:18 | ERROR    | VideoAnnotation.ui.MainWindow | Background task error: No supported images found in: D:/friendly dog
Traceback (most recent call last):
  File "D:\Pycharm\Video_Annotaion\ui\main_window.py", line 151, in _worker
    result = task_fn()
  File "D:\Pycharm\Video_Annotaion\ui\main_window.py", line 329, in _work
    loader.open()
    ~~~~~~~~~~~^^
  File "D:\Pycharm\Video_Annotaion\core\image_loader.py", line 74, in open
    raise FileNotFoundError(
        f"No supported images found in: {self.source_path}"
    )
FileNotFoundError: No supported images found in: D:/friendly dog
2026-04-01 12:52:20 | INFO     | VideoAnnotation.ui.MainWindow | Application closing — releasing resources
2026-04-01 12:52:23 | INFO     | VideoAnnotation              | ======================================================================
2026-04-01 12:52:23 | INFO     | VideoAnnotation              | Video Annotation Tool — Session started
2026-04-01 12:52:23 | INFO     | VideoAnnotation              | Log file: D:\Pycharm\Video_Annotaion\logs\annotation_20260401.log
2026-04-01 12:52:23 | INFO     | VideoAnnotation              | ======================================================================
2026-04-01 12:52:25 | INFO     | VideoAnnotation              | ======================================================================
2026-04-01 12:52:25 | INFO     | VideoAnnotation              | Video Annotation Tool — Session started
2026-04-01 12:52:25 | INFO     | VideoAnnotation              | Log file: D:\Pycharm\Video_Annotaion\logs\annotation_20260401.log
2026-04-01 12:52:25 | INFO     | VideoAnnotation              | ======================================================================
2026-04-01 12:52:30 | INFO     | VideoAnnotation.ui.MainWindow | MainWindow initialised
2026-04-01 12:52:40 | INFO     | VideoAnnotation.ui.SourceDialog | User browsed — type=image_folder, path=D:/friendly dog
2026-04-01 12:52:51 | INFO     | VideoAnnotation.ui.SourceDialog | User browsed — type=image_folder, path=D:/friendly dog
2026-04-01 12:53:04 | INFO     | VideoAnnotation.ui.MainWindow | Loading source — type=image_folder, path=D:/friendly dog
2026-04-01 12:53:04 | INFO     | VideoAnnotation.ui.MainWindow | [STATUS] Loading folder: friendly dog…
2026-04-01 12:53:04 | INFO     | VideoAnnotation.ui.MainWindow | Loading images — is_folder=True, path=D:/friendly dog
2026-04-01 12:53:04 | ERROR    | VideoAnnotation.ui.MainWindow | Background task error: No images found in folder or subfolders:
D:/friendly dog

Supported formats: JPG, PNG, BMP, TIFF, WEBP

Make sure your images are inside the selected folder.
Traceback (most recent call last):
  File "D:\Pycharm\Video_Annotaion\ui\main_window.py", line 168, in _worker
    result = task_fn()
  File "D:\Pycharm\Video_Annotaion\ui\main_window.py", line 349, in _work
    raise FileNotFoundError(
    ...<3 lines>...
    )
FileNotFoundError: No images found in folder or subfolders:
D:/friendly dog

Supported formats: JPG, PNG, BMP, TIFF, WEBP

Make sure your images are inside the selected folder.
2026-04-01 12:53:04 | ERROR    | VideoAnnotation.ui.MainWindow | Image load error: No images found in folder or subfolders:
D:/friendly dog

Supported formats: JPG, PNG, BMP, TIFF, WEBP

Make sure your images are inside the selected folder.
NoneType: None
2026-04-01 12:53:58 | INFO     | VideoAnnotation.ui.MainWindow | Application closing — releasing resources
2026-04-01 12:53:59 | INFO     | VideoAnnotation              | ======================================================================
2026-04-01 12:53:59 | INFO     | VideoAnnotation              | Video Annotation Tool — Session started
2026-04-01 12:53:59 | INFO     | VideoAnnotation              | Log file: D:\Pycharm\Video_Annotaion\logs\annotation_20260401.log
2026-04-01 12:53:59 | INFO     | VideoAnnotation              | ======================================================================
2026-04-01 13:08:58 | INFO     | VideoAnnotation.ui.MainWindow | MainWindow initialised
2026-04-01 13:15:34 | INFO     | VideoAnnotation.ui.MainWindow | Application closing — releasing resources
2026-04-01 13:59:18 | INFO     | VideoAnnotation              | ======================================================================
2026-04-01 13:59:18 | INFO     | VideoAnnotation              | Video Annotation Tool — Session started
2026-04-01 13:59:18 | INFO     | VideoAnnotation              | Log file: D:\Pycharm\Video_Annotaion\logs\annotation_20260401.log
2026-04-01 13:59:18 | INFO     | VideoAnnotation              | ======================================================================
2026-04-01 13:59:26 | INFO     | VideoAnnotation.ui.MainWindow | MainWindow initialised
2026-04-01 14:04:51 | INFO     | VideoAnnotation.ui.MainWindow | Loading source — type=image_folder, path=D:/friendly dog
2026-04-01 14:04:51 | INFO     | VideoAnnotation.ui.MainWindow | [STATUS] Loading folder: friendly dog…
2026-04-01 14:04:51 | INFO     | VideoAnnotation.ui.MainWindow | Loading images — is_folder=True, path=D:/friendly dog
2026-04-01 14:04:51 | ERROR    | VideoAnnotation.ui.MainWindow | Background task error: No images found in folder or subfolders:
D:/friendly dog

Supported formats: JPG, PNG, BMP, TIFF, WEBP

Make sure your images are inside the selected folder.
Traceback (most recent call last):
  File "D:\Pycharm\Video_Annotaion\ui\main_window.py", line 168, in _worker
    result = task_fn()
  File "D:\Pycharm\Video_Annotaion\ui\main_window.py", line 349, in _work
    raise FileNotFoundError(
    ...<3 lines>...
    )
FileNotFoundError: No images found in folder or subfolders:
D:/friendly dog

Supported formats: JPG, PNG, BMP, TIFF, WEBP

Make sure your images are inside the selected folder.
2026-04-01 14:04:51 | ERROR    | VideoAnnotation.ui.MainWindow | Image load error: No images found in folder or subfolders:
D:/friendly dog

Supported formats: JPG, PNG, BMP, TIFF, WEBP

Make sure your images are inside the selected folder.
NoneType: None
2026-04-01 14:04:52 | INFO     | VideoAnnotation.ui.MainWindow | [STATUS] Failed to load image source.
2026-04-01 14:04:53 | INFO     | VideoAnnotation.ui.MainWindow | Application closing — releasing resources
2026-04-01 15:40:50 | INFO     | VideoAnnotation              | ======================================================================
2026-04-01 15:40:50 | INFO     | VideoAnnotation              | Video Annotation Tool — Session started
2026-04-01 15:40:50 | INFO     | VideoAnnotation              | Log file: D:\Pycharm\Video_Annotaion\logs\annotation_20260401.log
2026-04-01 15:40:50 | INFO     | VideoAnnotation              | ======================================================================
2026-04-01 15:40:56 | INFO     | VideoAnnotation.ui.MainWindow | MainWindow initialised
2026-04-01 15:41:12 | INFO     | VideoAnnotation.ui.MainWindow | Application closing — releasing resources
2026-04-01 15:41:53 | INFO     | VideoAnnotation              | ======================================================================
2026-04-01 15:41:53 | INFO     | VideoAnnotation              | Video Annotation Tool — Session started
2026-04-01 15:41:53 | INFO     | VideoAnnotation              | Log file: D:\Pycharm\Video_Annotaion\logs\annotation_20260401.log
2026-04-01 15:41:53 | INFO     | VideoAnnotation              | ======================================================================
2026-04-01 15:41:59 | INFO     | VideoAnnotation.ui.MainWindow | MainWindow initialised
2026-04-01 15:42:54 | INFO     | VideoAnnotation.ui.MainWindow | Loading source — type=image_folder, path=C:/Users/Sri Mathialagan/OneDrive/Pictures/Screenshots
2026-04-01 15:42:54 | INFO     | VideoAnnotation.ui.MainWindow | [STATUS] Loading folder: Screenshots…
2026-04-01 15:42:54 | INFO     | VideoAnnotation.ui.MainWindow | Loading images — is_folder=True, path=C:/Users/Sri Mathialagan/OneDrive/Pictures/Screenshots
2026-04-01 15:42:54 | INFO     | VideoAnnotation.ui.MainWindow | Found 18 image(s) in: C:/Users/Sri Mathialagan/OneDrive/Pictures/Screenshots
2026-04-01 15:42:54 | DEBUG    | VideoAnnotation.core.ImageLoader | ImageLoader created — source: C:/Users/Sri Mathialagan/OneDrive/Pictures/Screenshots
2026-04-01 15:42:54 | INFO     | VideoAnnotation.core.ImageLoader | Image folder loaded — 18 images from: C:/Users/Sri Mathialagan/OneDrive/Pictures/Screenshots
2026-04-01 15:42:54 | INFO     | VideoAnnotation.core.ImageFrameExtractor | ImageFrameExtractor — 18 image(s), output dir: D:\Pycharm\Video_Annotaion\output\frames\Screenshots
2026-04-01 15:42:54 | DEBUG    | VideoAnnotation.core.YOLOAnnotator | YOLOAnnotator created — conf=0.45, iou=0.45, model_path=D:\Pycharm\Video_Annotaion\models\yolov8n.pt
2026-04-01 15:42:54 | INFO     | VideoAnnotation.core.YOLOAnnotator | Loading YOLO weights: yolov8n.pt
2026-04-01 15:42:59 | INFO     | VideoAnnotation.core.YOLOAnnotator | YOLO model loaded — 80 classes available
2026-04-01 15:42:59 | DEBUG    | VideoAnnotation.core.YOLOAnnotator | Classes: {0: 'person', 1: 'bicycle', 2: 'car', 3: 'motorcycle', 4: 'airplane', 5: 'bus', 6: 'train', 7: 'truck', 8: 'boat', 9: 'traffic light', 10: 'fire hydrant', 11: 'stop sign', 12: 'parking meter', 13: 'bench', 14: 'bird', 15: 'cat', 16: 'dog', 17: 'horse', 18: 'sheep', 19: 'cow', 20: 'elephant', 21: 'bear', 22: 'zebra', 23: 'giraffe', 24: 'backpack', 25: 'umbrella', 26: 'handbag', 27: 'tie', 28: 'suitcase', 29: 'frisbee', 30: 'skis', 31: 'snowboard', 32: 'sports ball', 33: 'kite', 34: 'baseball bat', 35: 'baseball glove', 36: 'skateboard', 37: 'surfboard', 38: 'tennis racket', 39: 'bottle', 40: 'wine glass', 41: 'cup', 42: 'fork', 43: 'knife', 44: 'spoon', 45: 'bowl', 46: 'banana', 47: 'apple', 48: 'sandwich', 49: 'orange', 50: 'broccoli', 51: 'carrot', 52: 'hot dog', 53: 'pizza', 54: 'donut', 55: 'cake', 56: 'chair', 57: 'couch', 58: 'potted plant', 59: 'bed', 60: 'dining table', 61: 'toilet', 62: 'tv', 63: 'laptop', 64: 'mouse', 65: 'remote', 66: 'keyboard', 67: 'cell phone', 68: 'microwave', 69: 'oven', 70: 'toaster', 71: 'sink', 72: 'refrigerator', 73: 'book', 74: 'clock', 75: 'vase', 76: 'scissors', 77: 'teddy bear', 78: 'hair drier', 79: 'toothbrush'}
2026-04-01 15:42:59 | INFO     | VideoAnnotation.core.AnnotationManager | AnnotationManager initialised
2026-04-01 15:42:59 | INFO     | VideoAnnotation.core.AnnotationManager | Loading video frames into manager…
2026-04-01 15:42:59 | INFO     | VideoAnnotation.core.ImageFrameExtractor | Starting image extraction — 18 image(s)
2026-04-01 15:42:59 | INFO     | VideoAnnotation.ui.MainWindow | [STATUS] Processing 18 image(s)…
2026-04-01 15:42:59 | WARNING  | VideoAnnotation.core.ImageLoader | Could not read image: C:/Users/Sri Mathialagan/OneDrive/Pictures/Screenshots\Screenshot 2026-02-01 103206.png
2026-04-01 15:42:59 | WARNING  | VideoAnnotation.core.ImageFrameExtractor | Skipping index 0 — could not read image
2026-04-01 15:42:59 | WARNING  | VideoAnnotation.core.ImageLoader | Could not read image: C:/Users/Sri Mathialagan/OneDrive/Pictures/Screenshots\Screenshot 2026-02-01 103314.png
2026-04-01 15:42:59 | WARNING  | VideoAnnotation.core.ImageFrameExtractor | Skipping index 1 — could not read image
2026-04-01 15:42:59 | WARNING  | VideoAnnotation.core.ImageLoader | Could not read image: C:/Users/Sri Mathialagan/OneDrive/Pictures/Screenshots\Screenshot 2026-02-01 103429.png
2026-04-01 15:42:59 | WARNING  | VideoAnnotation.core.ImageFrameExtractor | Skipping index 2 — could not read image
2026-04-01 15:42:59 | WARNING  | VideoAnnotation.core.ImageLoader | Could not read image: C:/Users/Sri Mathialagan/OneDrive/Pictures/Screenshots\Screenshot 2026-02-01 103716.png
2026-04-01 15:42:59 | WARNING  | VideoAnnotation.core.ImageFrameExtractor | Skipping index 3 — could not read image
2026-04-01 15:42:59 | WARNING  | VideoAnnotation.core.ImageLoader | Could not read image: C:/Users/Sri Mathialagan/OneDrive/Pictures/Screenshots\Screenshot 2026-02-01 103759.png
2026-04-01 15:42:59 | WARNING  | VideoAnnotation.core.ImageFrameExtractor | Skipping index 4 — could not read image
2026-04-01 15:42:59 | WARNING  | VideoAnnotation.core.ImageLoader | Could not read image: C:/Users/Sri Mathialagan/OneDrive/Pictures/Screenshots\Screenshot 2026-02-01 104042.png
2026-04-01 15:42:59 | WARNING  | VideoAnnotation.core.ImageFrameExtractor | Skipping index 5 — could not read image
2026-04-01 15:42:59 | WARNING  | VideoAnnotation.core.ImageLoader | Could not read image: C:/Users/Sri Mathialagan/OneDrive/Pictures/Screenshots\Screenshot 2026-02-01 105202.png
2026-04-01 15:42:59 | WARNING  | VideoAnnotation.core.ImageFrameExtractor | Skipping index 6 — could not read image
2026-04-01 15:42:59 | WARNING  | VideoAnnotation.core.ImageLoader | Could not read image: C:/Users/Sri Mathialagan/OneDrive/Pictures/Screenshots\Screenshot 2026-02-01 105221.png
2026-04-01 15:42:59 | WARNING  | VideoAnnotation.core.ImageFrameExtractor | Skipping index 7 — could not read image
2026-04-01 15:42:59 | WARNING  | VideoAnnotation.core.ImageLoader | Could not read image: C:/Users/Sri Mathialagan/OneDrive/Pictures/Screenshots\Screenshot 2026-02-01 105246.png
2026-04-01 15:42:59 | WARNING  | VideoAnnotation.core.ImageFrameExtractor | Skipping index 8 — could not read image
2026-04-01 15:42:59 | WARNING  | VideoAnnotation.core.ImageLoader | Could not read image: C:/Users/Sri Mathialagan/OneDrive/Pictures/Screenshots\Screenshot 2026-02-01 105556.png
2026-04-01 15:42:59 | WARNING  | VideoAnnotation.core.ImageFrameExtractor | Skipping index 9 — could not read image
2026-04-01 15:42:59 | WARNING  | VideoAnnotation.core.ImageLoader | Could not read image: C:/Users/Sri Mathialagan/OneDrive/Pictures/Screenshots\Screenshot 2026-02-01 105607.png
2026-04-01 15:42:59 | WARNING  | VideoAnnotation.core.ImageFrameExtractor | Skipping index 10 — could not read image
2026-04-01 15:42:59 | DEBUG    | VideoAnnotation.core.ImageFrameExtractor | Copied frame 11: C:/Users/Sri Mathialagan/OneDrive/Pictures/Screenshots\Screenshot 2026-02-17 155837.png → D:\Pycharm\Video_Annotaion\output\frames\Screenshots\frame_000011.png
2026-04-01 15:42:59 | DEBUG    | VideoAnnotation.core.ImageFrameExtractor | Copied frame 12: C:/Users/Sri Mathialagan/OneDrive/Pictures/Screenshots\Screenshot 2026-02-17 160010.png → D:\Pycharm\Video_Annotaion\output\frames\Screenshots\frame_000012.png
2026-04-01 15:42:59 | DEBUG    | VideoAnnotation.core.ImageFrameExtractor | Copied frame 13: C:/Users/Sri Mathialagan/OneDrive/Pictures/Screenshots\Screenshot 2026-02-17 160038.png → D:\Pycharm\Video_Annotaion\output\frames\Screenshots\frame_000013.png
2026-04-01 15:42:59 | DEBUG    | VideoAnnotation.core.ImageFrameExtractor | Copied frame 14: C:/Users/Sri Mathialagan/OneDrive/Pictures/Screenshots\Screenshot 2026-04-01 122640.png → D:\Pycharm\Video_Annotaion\output\frames\Screenshots\frame_000014.png
2026-04-01 15:42:59 | DEBUG    | VideoAnnotation.core.ImageFrameExtractor | Copied frame 15: C:/Users/Sri Mathialagan/OneDrive/Pictures/Screenshots\Screenshot 2026-04-01 124747.png → D:\Pycharm\Video_Annotaion\output\frames\Screenshots\frame_000015.png
2026-04-01 15:42:59 | DEBUG    | VideoAnnotation.core.ImageFrameExtractor | Copied frame 16: C:/Users/Sri Mathialagan/OneDrive/Pictures/Screenshots\Screenshot 2026-04-01 125310.png → D:\Pycharm\Video_Annotaion\output\frames\Screenshots\frame_000016.png
2026-04-01 15:42:59 | DEBUG    | VideoAnnotation.core.ImageFrameExtractor | Copied frame 17: C:/Users/Sri Mathialagan/OneDrive/Pictures/Screenshots\Screenshot 2026-04-01 154106.png → D:\Pycharm\Video_Annotaion\output\frames\Screenshots\frame_000017.png
2026-04-01 15:42:59 | INFO     | VideoAnnotation.core.ImageFrameExtractor | Image extraction complete — 7/18 succeeded
2026-04-01 15:42:59 | INFO     | VideoAnnotation.core.AnnotationManager | Loaded 7 frames
2026-04-01 15:42:59 | INFO     | VideoAnnotation.core.AnnotationManager | Loaded existing labels for 0 frame(s)
2026-04-01 15:42:59 | INFO     | VideoAnnotation.ui.MainWindow | [STATUS] Folder loaded — 'Screenshots'  |  7 images
2026-04-01 15:42:59 | INFO     | VideoAnnotation.ui.MainWindow | Image source ready — 7 item(s)
2026-04-01 15:43:04 | INFO     | VideoAnnotation.core.AnnotationManager | Manual box added to frame 11 — class='dog' cx=0.340 cy=0.391
2026-04-01 15:43:04 | INFO     | VideoAnnotation.ui.MainWindow | [STATUS] Manual box added — 'dog' on image 11. Total: 1 box(es).
2026-04-01 15:43:10 | INFO     | VideoAnnotation.core.AnnotationManager | Cleared 1 box(es) from frame 11
2026-04-01 15:43:10 | INFO     | VideoAnnotation.ui.MainWindow | [STATUS] Cleared annotations for index 11.
2026-04-01 15:43:10 | INFO     | VideoAnnotation.core.AnnotationManager | Cleared 0 box(es) from frame 11
2026-04-01 15:43:10 | INFO     | VideoAnnotation.ui.MainWindow | [STATUS] Cleared annotations for index 11.
2026-04-01 15:43:11 | INFO     | VideoAnnotation.core.AnnotationManager | Cleared 0 box(es) from frame 11
2026-04-01 15:43:11 | INFO     | VideoAnnotation.ui.MainWindow | [STATUS] Cleared annotations for index 11.
2026-04-01 15:43:11 | INFO     | VideoAnnotation.core.AnnotationManager | Cleared 0 box(es) from frame 11
2026-04-01 15:43:11 | INFO     | VideoAnnotation.ui.MainWindow | [STATUS] Cleared annotations for index 11.
2026-04-01 15:43:18 | INFO     | VideoAnnotation.ui.MainWindow | Application closing — releasing resources
2026-04-01 15:43:18 | INFO     | VideoAnnotation.core.ImageLoader | ImageLoader released
2026-04-01 15:47:39 | INFO     | VideoAnnotation              | ======================================================================
2026-04-01 15:47:39 | INFO     | VideoAnnotation              | Video Annotation Tool — Session started
2026-04-01 15:47:39 | INFO     | VideoAnnotation              | Log file: D:\Pycharm\Video_Annotaion\logs\annotation_20260401.log
2026-04-01 15:47:39 | INFO     | VideoAnnotation              | ======================================================================
2026-04-01 15:47:45 | INFO     | VideoAnnotation.ui.MainWindow | MainWindow initialised
2026-04-01 15:49:41 | INFO     | VideoAnnotation.ui.MainWindow | Loading source — type=image_folder, path=C:/Users/Sri Mathialagan/OneDrive/Pictures/Screenshots
2026-04-01 15:49:41 | INFO     | VideoAnnotation.ui.MainWindow | [STATUS] Loading folder: Screenshots…
2026-04-01 15:49:41 | INFO     | VideoAnnotation.ui.MainWindow | Loading images — is_folder=True, path=C:/Users/Sri Mathialagan/OneDrive/Pictures/Screenshots
2026-04-01 15:49:41 | INFO     | VideoAnnotation.ui.MainWindow | Found 18 image(s) in: C:/Users/Sri Mathialagan/OneDrive/Pictures/Screenshots
2026-04-01 15:49:41 | DEBUG    | VideoAnnotation.core.ImageLoader | ImageLoader created — source: C:/Users/Sri Mathialagan/OneDrive/Pictures/Screenshots
2026-04-01 15:49:41 | INFO     | VideoAnnotation.core.ImageLoader | Image folder loaded — 18 images from: C:/Users/Sri Mathialagan/OneDrive/Pictures/Screenshots
2026-04-01 15:49:41 | INFO     | VideoAnnotation.core.ImageFrameExtractor | ImageFrameExtractor — 18 image(s), output dir: D:\Pycharm\Video_Annotaion\output\frames\Screenshots
2026-04-01 15:49:41 | DEBUG    | VideoAnnotation.core.YOLOAnnotator | YOLOAnnotator created — conf=0.45, iou=0.45, model_path=D:\Pycharm\Video_Annotaion\models\yolov8n.pt
2026-04-01 15:49:41 | INFO     | VideoAnnotation.core.YOLOAnnotator | Loading YOLO weights: yolov8n.pt
2026-04-01 15:49:41 | INFO     | VideoAnnotation.core.YOLOAnnotator | YOLO model loaded — 80 classes available
2026-04-01 15:49:41 | DEBUG    | VideoAnnotation.core.YOLOAnnotator | Classes: {0: 'person', 1: 'bicycle', 2: 'car', 3: 'motorcycle', 4: 'airplane', 5: 'bus', 6: 'train', 7: 'truck', 8: 'boat', 9: 'traffic light', 10: 'fire hydrant', 11: 'stop sign', 12: 'parking meter', 13: 'bench', 14: 'bird', 15: 'cat', 16: 'dog', 17: 'horse', 18: 'sheep', 19: 'cow', 20: 'elephant', 21: 'bear', 22: 'zebra', 23: 'giraffe', 24: 'backpack', 25: 'umbrella', 26: 'handbag', 27: 'tie', 28: 'suitcase', 29: 'frisbee', 30: 'skis', 31: 'snowboard', 32: 'sports ball', 33: 'kite', 34: 'baseball bat', 35: 'baseball glove', 36: 'skateboard', 37: 'surfboard', 38: 'tennis racket', 39: 'bottle', 40: 'wine glass', 41: 'cup', 42: 'fork', 43: 'knife', 44: 'spoon', 45: 'bowl', 46: 'banana', 47: 'apple', 48: 'sandwich', 49: 'orange', 50: 'broccoli', 51: 'carrot', 52: 'hot dog', 53: 'pizza', 54: 'donut', 55: 'cake', 56: 'chair', 57: 'couch', 58: 'potted plant', 59: 'bed', 60: 'dining table', 61: 'toilet', 62: 'tv', 63: 'laptop', 64: 'mouse', 65: 'remote', 66: 'keyboard', 67: 'cell phone', 68: 'microwave', 69: 'oven', 70: 'toaster', 71: 'sink', 72: 'refrigerator', 73: 'book', 74: 'clock', 75: 'vase', 76: 'scissors', 77: 'teddy bear', 78: 'hair drier', 79: 'toothbrush'}
2026-04-01 15:49:41 | INFO     | VideoAnnotation.core.AnnotationManager | AnnotationManager initialised
2026-04-01 15:49:41 | INFO     | VideoAnnotation.core.AnnotationManager | Loading video frames into manager…
2026-04-01 15:49:41 | INFO     | VideoAnnotation.core.ImageFrameExtractor | Starting image extraction — 18 image(s)
2026-04-01 15:49:41 | INFO     | VideoAnnotation.ui.MainWindow | [STATUS] Processing 18 image(s)…
2026-04-01 15:49:41 | WARNING  | VideoAnnotation.core.ImageLoader | Could not read image: C:/Users/Sri Mathialagan/OneDrive/Pictures/Screenshots\Screenshot 2026-02-01 103206.png
2026-04-01 15:49:41 | WARNING  | VideoAnnotation.core.ImageFrameExtractor | Skipping index 0 — could not read image
2026-04-01 15:49:41 | WARNING  | VideoAnnotation.core.ImageLoader | Could not read image: C:/Users/Sri Mathialagan/OneDrive/Pictures/Screenshots\Screenshot 2026-02-01 103314.png
2026-04-01 15:49:41 | WARNING  | VideoAnnotation.core.ImageFrameExtractor | Skipping index 1 — could not read image
2026-04-01 15:49:41 | WARNING  | VideoAnnotation.core.ImageLoader | Could not read image: C:/Users/Sri Mathialagan/OneDrive/Pictures/Screenshots\Screenshot 2026-02-01 103429.png
2026-04-01 15:49:41 | WARNING  | VideoAnnotation.core.ImageFrameExtractor | Skipping index 2 — could not read image
2026-04-01 15:49:41 | WARNING  | VideoAnnotation.core.ImageLoader | Could not read image: C:/Users/Sri Mathialagan/OneDrive/Pictures/Screenshots\Screenshot 2026-02-01 103716.png
2026-04-01 15:49:41 | WARNING  | VideoAnnotation.core.ImageFrameExtractor | Skipping index 3 — could not read image
2026-04-01 15:49:41 | WARNING  | VideoAnnotation.core.ImageLoader | Could not read image: C:/Users/Sri Mathialagan/OneDrive/Pictures/Screenshots\Screenshot 2026-02-01 103759.png
2026-04-01 15:49:41 | WARNING  | VideoAnnotation.core.ImageFrameExtractor | Skipping index 4 — could not read image
2026-04-01 15:49:41 | WARNING  | VideoAnnotation.core.ImageLoader | Could not read image: C:/Users/Sri Mathialagan/OneDrive/Pictures/Screenshots\Screenshot 2026-02-01 104042.png
2026-04-01 15:49:41 | WARNING  | VideoAnnotation.core.ImageFrameExtractor | Skipping index 5 — could not read image
2026-04-01 15:49:41 | WARNING  | VideoAnnotation.core.ImageLoader | Could not read image: C:/Users/Sri Mathialagan/OneDrive/Pictures/Screenshots\Screenshot 2026-02-01 105202.png
2026-04-01 15:49:41 | WARNING  | VideoAnnotation.core.ImageFrameExtractor | Skipping index 6 — could not read image
2026-04-01 15:49:41 | WARNING  | VideoAnnotation.core.ImageLoader | Could not read image: C:/Users/Sri Mathialagan/OneDrive/Pictures/Screenshots\Screenshot 2026-02-01 105221.png
2026-04-01 15:49:41 | WARNING  | VideoAnnotation.core.ImageFrameExtractor | Skipping index 7 — could not read image
2026-04-01 15:49:41 | WARNING  | VideoAnnotation.core.ImageLoader | Could not read image: C:/Users/Sri Mathialagan/OneDrive/Pictures/Screenshots\Screenshot 2026-02-01 105246.png
2026-04-01 15:49:41 | WARNING  | VideoAnnotation.core.ImageFrameExtractor | Skipping index 8 — could not read image
2026-04-01 15:49:41 | WARNING  | VideoAnnotation.core.ImageLoader | Could not read image: C:/Users/Sri Mathialagan/OneDrive/Pictures/Screenshots\Screenshot 2026-02-01 105556.png
2026-04-01 15:49:41 | WARNING  | VideoAnnotation.core.ImageFrameExtractor | Skipping index 9 — could not read image
2026-04-01 15:49:41 | WARNING  | VideoAnnotation.core.ImageLoader | Could not read image: C:/Users/Sri Mathialagan/OneDrive/Pictures/Screenshots\Screenshot 2026-02-01 105607.png
2026-04-01 15:49:41 | WARNING  | VideoAnnotation.core.ImageFrameExtractor | Skipping index 10 — could not read image
2026-04-01 15:49:41 | DEBUG    | VideoAnnotation.core.ImageFrameExtractor | Copied frame 11: C:/Users/Sri Mathialagan/OneDrive/Pictures/Screenshots\Screenshot 2026-02-17 155837.png → D:\Pycharm\Video_Annotaion\output\frames\Screenshots\frame_000011.png
2026-04-01 15:49:41 | DEBUG    | VideoAnnotation.core.ImageFrameExtractor | Copied frame 12: C:/Users/Sri Mathialagan/OneDrive/Pictures/Screenshots\Screenshot 2026-02-17 160010.png → D:\Pycharm\Video_Annotaion\output\frames\Screenshots\frame_000012.png
2026-04-01 15:49:41 | DEBUG    | VideoAnnotation.core.ImageFrameExtractor | Copied frame 13: C:/Users/Sri Mathialagan/OneDrive/Pictures/Screenshots\Screenshot 2026-02-17 160038.png → D:\Pycharm\Video_Annotaion\output\frames\Screenshots\frame_000013.png
2026-04-01 15:49:41 | DEBUG    | VideoAnnotation.core.ImageFrameExtractor | Copied frame 14: C:/Users/Sri Mathialagan/OneDrive/Pictures/Screenshots\Screenshot 2026-04-01 122640.png → D:\Pycharm\Video_Annotaion\output\frames\Screenshots\frame_000014.png
2026-04-01 15:49:41 | DEBUG    | VideoAnnotation.core.ImageFrameExtractor | Copied frame 15: C:/Users/Sri Mathialagan/OneDrive/Pictures/Screenshots\Screenshot 2026-04-01 124747.png → D:\Pycharm\Video_Annotaion\output\frames\Screenshots\frame_000015.png
2026-04-01 15:49:41 | DEBUG    | VideoAnnotation.core.ImageFrameExtractor | Copied frame 16: C:/Users/Sri Mathialagan/OneDrive/Pictures/Screenshots\Screenshot 2026-04-01 125310.png → D:\Pycharm\Video_Annotaion\output\frames\Screenshots\frame_000016.png
2026-04-01 15:49:41 | DEBUG    | VideoAnnotation.core.ImageFrameExtractor | Copied frame 17: C:/Users/Sri Mathialagan/OneDrive/Pictures/Screenshots\Screenshot 2026-04-01 154106.png → D:\Pycharm\Video_Annotaion\output\frames\Screenshots\frame_000017.png
2026-04-01 15:49:41 | INFO     | VideoAnnotation.core.ImageFrameExtractor | Image extraction complete — 7/18 succeeded
2026-04-01 15:49:41 | INFO     | VideoAnnotation.core.AnnotationManager | Loaded 7 frames
2026-04-01 15:49:41 | INFO     | VideoAnnotation.core.AnnotationManager | Loaded existing labels for 0 frame(s)
2026-04-01 15:49:41 | INFO     | VideoAnnotation.ui.MainWindow | [STATUS] Folder loaded — 'Screenshots'  |  7 images
2026-04-01 15:49:41 | INFO     | VideoAnnotation.ui.MainWindow | Image source ready — 7 item(s)
2026-04-01 15:49:47 | INFO     | VideoAnnotation.core.AnnotationManager | Manual box added to frame 12 — class='dog' cx=0.181 cy=0.170
2026-04-01 15:49:47 | INFO     | VideoAnnotation.ui.MainWindow | [STATUS] Manual box added — 'dog' on image 12. Total: 1 box(es).
2026-04-01 15:49:51 | INFO     | VideoAnnotation.core.AnnotationManager | Manual box added to frame 14 — class='dog' cx=0.361 cy=0.473
2026-04-01 15:49:51 | INFO     | VideoAnnotation.ui.MainWindow | [STATUS] Manual box added — 'dog' on image 14. Total: 1 box(es).
2026-04-01 15:49:54 | INFO     | VideoAnnotation.core.AnnotationManager | Manual box added to frame 16 — class='dog' cx=0.467 cy=0.544
2026-04-01 15:49:55 | INFO     | VideoAnnotation.ui.MainWindow | [STATUS] Manual box added — 'dog' on image 16. Total: 1 box(es).
2026-04-01 15:49:57 | INFO     | VideoAnnotation.ui.MainWindow | [STATUS] Saving annotations…
2026-04-01 15:49:57 | DEBUG    | VideoAnnotation.core.AnnotationManager | Saved frame 12 → D:\Pycharm\Video_Annotaion\output\labels\Screenshots\frame_000012.txt
2026-04-01 15:49:57 | DEBUG    | VideoAnnotation.core.AnnotationManager | Saved frame 14 → D:\Pycharm\Video_Annotaion\output\labels\Screenshots\frame_000014.txt
2026-04-01 15:49:57 | DEBUG    | VideoAnnotation.core.AnnotationManager | Saved frame 16 → D:\Pycharm\Video_Annotaion\output\labels\Screenshots\frame_000016.txt
2026-04-01 15:49:57 | INFO     | VideoAnnotation.core.AnnotationManager | Save complete — 3 label file(s) written
2026-04-01 15:49:57 | INFO     | VideoAnnotation.ui.MainWindow | [STATUS] Saved 3 annotation file(s).
2026-04-01 15:49:59 | INFO     | VideoAnnotation.ui.MainWindow | [STATUS] Saving annotations…
2026-04-01 15:49:59 | DEBUG    | VideoAnnotation.core.AnnotationManager | Saved frame 12 → D:\Pycharm\Video_Annotaion\output\labels\Screenshots\frame_000012.txt
2026-04-01 15:49:59 | DEBUG    | VideoAnnotation.core.AnnotationManager | Saved frame 14 → D:\Pycharm\Video_Annotaion\output\labels\Screenshots\frame_000014.txt
2026-04-01 15:49:59 | DEBUG    | VideoAnnotation.core.AnnotationManager | Saved frame 16 → D:\Pycharm\Video_Annotaion\output\labels\Screenshots\frame_000016.txt
2026-04-01 15:49:59 | INFO     | VideoAnnotation.core.AnnotationManager | Save complete — 3 label file(s) written
2026-04-01 15:49:59 | INFO     | VideoAnnotation.ui.MainWindow | [STATUS] Saved 3 annotation file(s).
2026-04-01 18:21:07 | INFO     | VideoAnnotation              | ======================================================================
2026-04-01 18:21:07 | INFO     | VideoAnnotation              | Video Annotation Tool — Session started
2026-04-01 18:21:07 | INFO     | VideoAnnotation              | Log file: D:\Pycharm\Video_Annotaion\logs\annotation_20260401.log
2026-04-01 18:21:07 | INFO     | VideoAnnotation              | ======================================================================
2026-04-01 18:21:12 | INFO     | VideoAnnotation.ui.MainWindow | MainWindow initialised
2026-04-01 18:22:01 | INFO     | VideoAnnotation.ui.MainWindow | Log viewer opened
2026-04-01 18:23:04 | INFO     | VideoAnnotation.ui.MainWindow | Application closing — releasing resources
